Using pre-set license
Built from '2020.3/release' branch; Version is '2020.3.12f1 (b3b2c6512326) revision 11776710'; Using compiler version '192528614'; Build Type 'Release'
OS: 'Windows 10 Home; OS build 19042.662; Version 2009; 64bit' Language: 'en' Physical Memory: 16215 MB
BatchMode: 1, IsHumanControllingUs: 0, StartBugReporterOnCrash: 0, Is64bit: 1, IsPro: 0

 COMMAND LINE ARGUMENTS:
C:\Program Files\UnityEditors\2020.3.12f1\Editor\Unity.exe
-adb2
-batchMode
-noUpm
-name
AssetImportWorker0
-projectPath
C:/Users/andre/Documents/Unity Projects/VR Multiplayer - Table Tennis
-logFile
Logs/AssetImportWorker0.log
-srvPort
49782
Successfully changed project path to: C:/Users/andre/Documents/Unity Projects/VR Multiplayer - Table Tennis
C:/Users/andre/Documents/Unity Projects/VR Multiplayer - Table Tennis
Using Asset Import Pipeline V2.
Refreshing native plugins compatible for Editor in 65.21 ms, found 11 plugins.
Preloading 2 native plugins for Editor in 2.01 ms.
Initialize engine version: 2020.3.12f1 (b3b2c6512326)
[Subsystems] Discovering subsystems at path C:/Program Files/UnityEditors/2020.3.12f1/Editor/Data/Resources/UnitySubsystems
[Subsystems] Discovering subsystems at path C:/Users/andre/Documents/Unity Projects/VR Multiplayer - Table Tennis/Assets
GfxDevice: creating device client; threaded=0
Direct3D:
    Version:  Direct3D 11.0 [level 11.1]
    Renderer: NVIDIA GeForce RTX 3060 Laptop GPU (ID=0x2520)
    Vendor:   
    VRAM:     6023 MB
    Driver:   27.21.14.6179
Initialize mono
Mono path[0] = 'C:/Program Files/UnityEditors/2020.3.12f1/Editor/Data/Managed'
Mono path[1] = 'C:/Program Files/UnityEditors/2020.3.12f1/Editor/Data/MonoBleedingEdge/lib/mono/unityjit'
Mono config path = 'C:/Program Files/UnityEditors/2020.3.12f1/Editor/Data/MonoBleedingEdge/etc'
Using monoOptions --debugger-agent=transport=dt_socket,embedding=1,server=y,suspend=n,address=127.0.0.1:56020
Begin MonoManager ReloadAssembly
Registering precompiled unity dll's ...
Register platform support module: C:/Program Files/UnityEditors/2020.3.12f1/Editor/Data/PlaybackEngines/WindowsStandaloneSupport/UnityEditor.WindowsStandalone.Extensions.dll
Registered in 0.002042 seconds.
Native extension for WindowsStandalone target not found
Refreshing native plugins compatible for Editor in 53.74 ms, found 11 plugins.
Preloading 2 native plugins for Editor in 0.27 ms.
Mono: successfully reloaded assembly
- Completed reload, in  1.793 seconds
Platform modules already initialized, skipping
Registering precompiled user dll's ...
Registered in 0.011098 seconds.
Begin MonoManager ReloadAssembly
Symbol file LoadedFromMemory doesn't match image C:\Users\andre\Documents\Unity Projects\VR Multiplayer - Table Tennis\Assets\Photon\PhotonLibs\netstandard2.0\Photon3Unity3D.dll
Native extension for WindowsStandalone target not found
Refreshing native plugins compatible for Editor in 55.17 ms, found 11 plugins.
Preloading 2 native plugins for Editor in 0.19 ms.
[XR] OculusXRPlugin: registering subsystems
[XR] Unable to register display lifecyle provider: [1]
[XR] Oculus Input lifecycle provider registered.
[XR] Unable to register input lifecyle provider: [1]
NullReferenceException: Object reference not set to an instance of an object
  at Unity.XR.Oculus.OculusLoader.AssetPathToAbsolutePath (System.String assetPath) [0x00048] in C:\Users\andre\Documents\Unity Projects\VR Multiplayer - Table Tennis\Library\PackageCache\com.unity.xr.oculus@1.9.1\Runtime\OculusLoader.cs:249 
  at Unity.XR.Oculus.OculusLoader.EditorLoadOVRPlugin () [0x0007b] in C:\Users\andre\Documents\Unity Projects\VR Multiplayer - Table Tennis\Library\PackageCache\com.unity.xr.oculus@1.9.1\Runtime\OculusLoader.cs:234 

(Filename: Library/PackageCache/com.unity.xr.oculus@1.9.1/Runtime/OculusLoader.cs Line: 249)

Mono: successfully reloaded assembly
- Completed reload, in  1.219 seconds
Platform modules already initialized, skipping
========================================================================
Worker process is ready to serve import requests
Launched and connected shader compiler UnityShaderCompiler.exe after 0.04 seconds
Refreshing native plugins compatible for Editor in 0.73 ms, found 11 plugins.
Preloading 2 native plugins for Editor in 0.18 ms.
Unloading 2510 Unused Serialized files (Serialized files now loaded: 0)
System memory in use before: 102.4 MB.
System memory in use after: 102.6 MB.

Unloading 29 unused Assets to reduce memory usage. Loaded Objects now: 2941.
Total: 2.497800 ms (FindLiveObjects: 0.256500 ms CreateObjectMapping: 0.146700 ms MarkObjects: 2.025800 ms  DeleteObjects: 0.067700 ms)

AssetImportParameters requested are different than current active one (requested -> active):
  custom:framework-win-MediaFoundation: 216162199b28c13a410421893ffa2e32 -> 
  custom:video-decoder-ogg-theora: a1e56fd34408186e4bbccfd4996cb3dc -> 
  custom:container-muxer-webm: aa71ff27fc2769a1b78a27578f13a17b -> 
  custom:container-demuxer-webm: 4f35f7cbe854078d1ac9338744f61a02 -> 
  custom:container-demuxer-ogg: 62fdf1f143b41e24485cea50d1cbac27 -> 
  custom:video-encoder-webm-vp8: eb34c28f22e8b96e1ab97ce403110664 -> 
  custom:video-decoder-webm-vp8: 9c59270c3fd7afecdb556c50c9e8de78 -> 
  custom:audio-decoder-ogg-vorbis: bf7c407c2cedff20999df2af8eb42d56 -> 
  custom:audio-encoder-webm-vorbis: bf7c407c2cedff20999df2af8eb42d56 -> 
========================================================================
Received Import Request.
  path: Assets/Scenes/SampleScene.unity
  artifactKey: Guid(9fc0d4010bbf28b4594072e72b8655ab) Importer(815301076,1909f56bfc062723c751e8b465ee728b)
Start importing Assets/Scenes/SampleScene.unity using Guid(9fc0d4010bbf28b4594072e72b8655ab) Importer(815301076,1909f56bfc062723c751e8b465ee728b)  -> (artifact id: '1a47b6ef2e2673585daac41e4931b4ea') in 0.012766 seconds 
  Import took 0.016181 seconds .

========================================================================
Received Prepare
Registering precompiled user dll's ...
Registered in 0.010194 seconds.
Begin MonoManager ReloadAssembly
Symbol file LoadedFromMemory doesn't match image C:\Users\andre\Documents\Unity Projects\VR Multiplayer - Table Tennis\Assets\Photon\PhotonLibs\netstandard2.0\Photon3Unity3D.dll
Native extension for WindowsStandalone target not found
Refreshing native plugins compatible for Editor in 0.68 ms, found 11 plugins.
Preloading 2 native plugins for Editor in 0.15 ms.
NullReferenceException: Object reference not set to an instance of an object
  at Unity.XR.Oculus.OculusLoader.AssetPathToAbsolutePath (System.String assetPath) [0x00048] in C:\Users\andre\Documents\Unity Projects\VR Multiplayer - Table Tennis\Library\PackageCache\com.unity.xr.oculus@1.9.1\Runtime\OculusLoader.cs:249 
  at Unity.XR.Oculus.OculusLoader.EditorLoadOVRPlugin () [0x0007b] in C:\Users\andre\Documents\Unity Projects\VR Multiplayer - Table Tennis\Library\PackageCache\com.unity.xr.oculus@1.9.1\Runtime\OculusLoader.cs:234 

(Filename: Library/PackageCache/com.unity.xr.oculus@1.9.1/Runtime/OculusLoader.cs Line: 249)

Mono: successfully reloaded assembly
- Completed reload, in  0.986 seconds
Platform modules already initialized, skipping
Switching build target platform(19) subTarget(0) extendedPlatform(0) -> platform(13) subTarget(524294) extendedPlatform(0)
Refreshing native plugins compatible for Editor in 0.65 ms, found 11 plugins.
Preloading 2 native plugins for Editor in 0.15 ms.
Unloading 2476 Unused Serialized files (Serialized files now loaded: 0)
System memory in use before: 101.7 MB.
System memory in use after: 101.9 MB.

Unloading 21 unused Assets to reduce memory usage. Loaded Objects now: 2946.
Total: 2.553000 ms (FindLiveObjects: 0.303000 ms CreateObjectMapping: 0.176400 ms MarkObjects: 2.019400 ms  DeleteObjects: 0.053200 ms)

AssetImportParameters requested are different than current active one (requested -> active):
  custom:framework-win-MediaFoundation: 216162199b28c13a410421893ffa2e32 -> 
  custom:video-decoder-ogg-theora: a1e56fd34408186e4bbccfd4996cb3dc -> 
  custom:container-muxer-webm: aa71ff27fc2769a1b78a27578f13a17b -> 
  custom:container-demuxer-webm: 4f35f7cbe854078d1ac9338744f61a02 -> 
  custom:container-demuxer-ogg: 62fdf1f143b41e24485cea50d1cbac27 -> 
  custom:video-encoder-webm-vp8: eb34c28f22e8b96e1ab97ce403110664 -> 
  custom:video-decoder-webm-vp8: 9c59270c3fd7afecdb556c50c9e8de78 -> 
  custom:graphics/normal-map-encoding: 01000000000000000000000000000000 -> 02000000000000000000000000000000
  custom:audio-decoder-ogg-vorbis: bf7c407c2cedff20999df2af8eb42d56 -> 
  custom:audio-encoder-webm-vorbis: bf7c407c2cedff20999df2af8eb42d56 -> 
AssetImportWorkerClient::OnTransportError - code=2 error=End of file
